20:37:46.303 [main] DEBUG port.Port - Порт создан.
20:37:47.306 [Thread-1] DEBUG  - Корабль Ship1 пришвартовался к причалу 1
20:37:47.306 [Thread-4] DEBUG  - Корабль Ship4 пришвартовался к причалу 0
20:37:47.307 [Thread-4] DEBUG  - Корабль Ship4 хочет загрузить 0 контейнеров на склад порта.
20:37:47.307 [Thread-1] DEBUG  - Корабль Ship1 хочет загрузить 40 контейнеров со склада порта.
20:37:47.307 [Thread-4] DEBUG  - Корабль Ship4 выгрузил 0 контейнеров в порт.
20:37:47.307 [Thread-1] DEBUG  - В порту нету 40 контейнеров, для погрузки на корабль Ship1
20:37:47.307 [Thread-5] DEBUG  - Корабль Ship5 пришвартовался к причалу 0
20:37:47.307 [Thread-4] DEBUG  - Корабль Ship4 отошел от причала 0
20:37:47.308 [Thread-1] DEBUG  - Корабль Ship1 отошел от причала 1
20:37:47.308 [Thread-5] DEBUG  - Корабль Ship5 хочет загрузить 35 контейнеров со склада порта.
20:37:47.308 [Thread-5] DEBUG  - В порту нету 35 контейнеров, для погрузки на корабль Ship5
20:37:47.308 [Thread-3] DEBUG  - Корабль Ship3 пришвартовался к причалу 1
20:37:47.308 [Thread-5] DEBUG  - Корабль Ship5 отошел от причала 0
20:37:47.308 [Thread-3] DEBUG  - Корабль Ship3 хочет загрузить 10 контейнеров на склад порта.
20:37:47.308 [Thread-2] DEBUG  - Корабль Ship2 пришвартовался к причалу 0
20:37:47.308 [Thread-3] DEBUG  - Корабль Ship3 выгрузил 10 контейнеров в порт.
20:37:47.308 [Thread-2] DEBUG  - Корабль Ship2 хочет загрузить 32 контейнеров со склада порта.
20:37:47.308 [Thread-3] DEBUG  - Корабль Ship3 отошел от причала 1
20:37:47.308 [Thread-2] DEBUG  - В порту нету 32 контейнеров, для погрузки на корабль Ship2
20:37:47.308 [Thread-2] DEBUG  - Корабль Ship2 отошел от причала 0
20:37:48.308 [Thread-4] DEBUG  - Корабль Ship4 пришвартовался к причалу 0
20:37:48.308 [Thread-1] DEBUG  - Корабль Ship1 пришвартовался к причалу 1
20:37:48.308 [Thread-4] DEBUG  - Корабль Ship4 хочет загрузить 0 контейнеров на склад порта.
20:37:48.308 [Thread-4] DEBUG  - Корабль Ship4 выгрузил 0 контейнеров в порт.
20:37:48.308 [Thread-1] DEBUG  - Корабль Ship1 хочет загрузить 4 контейнеров на склад порта.
20:37:48.308 [Thread-4] DEBUG  - Корабль Ship4 отошел от причала 0
20:37:48.308 [Thread-5] DEBUG  - Корабль Ship5 пришвартовался к причалу 0
20:37:48.308 [Thread-1] DEBUG  - Корабль Ship1 выгрузил 4 контейнеров в порт.
20:37:48.308 [Thread-1] DEBUG  - Корабль Ship1 отошел от причала 1
20:37:48.308 [Thread-5] DEBUG  - Корабль Ship5 хочет загрузить 0 контейнеров на склад порта.
20:37:48.308 [Thread-2] DEBUG  - Корабль Ship2 пришвартовался к причалу 1
20:37:48.308 [Thread-2] DEBUG  - Корабль Ship2 хочет загрузить 9 контейнеров на склад порта.
20:37:48.308 [Thread-5] DEBUG  - Корабль Ship5 выгрузил 0 контейнеров в порт.
20:37:48.308 [Thread-5] DEBUG  - Корабль Ship5 отошел от причала 0
20:37:48.308 [Thread-3] DEBUG  - Корабль Ship3 пришвартовался к причалу 0
20:37:48.308 [Thread-2] DEBUG  - Корабль Ship2 выгрузил 9 контейнеров в порт.
20:37:48.309 [Thread-3] DEBUG  - Корабль Ship3 хочет загрузить 34 контейнеров на склад порта.
20:37:48.309 [Thread-2] DEBUG  - Корабль Ship2 отошел от причала 1
20:37:48.309 [Thread-3] DEBUG  - Корабль Ship3 выгрузил 34 контейнеров в порт.
20:37:48.309 [Thread-3] DEBUG  - Корабль Ship3 отошел от причала 0
20:37:49.309 [Thread-4] DEBUG  - Корабль Ship4 пришвартовался к причалу 1
20:37:49.309 [Thread-5] DEBUG  - Корабль Ship5 пришвартовался к причалу 0
20:37:49.309 [Thread-4] DEBUG  - Корабль Ship4 хочет загрузить 0 контейнеров на склад порта.
20:37:49.309 [Thread-5] DEBUG  - Корабль Ship5 хочет загрузить 0 контейнеров на склад порта.
20:37:49.309 [Thread-4] DEBUG  - Корабль Ship4 выгрузил 0 контейнеров в порт.
20:37:49.309 [Thread-5] DEBUG  - Корабль Ship5 выгрузил 0 контейнеров в порт.
20:37:49.309 [Thread-4] DEBUG  - Корабль Ship4 отошел от причала 1
20:37:49.309 [Thread-1] DEBUG  - Корабль Ship1 пришвартовался к причалу 1
20:37:49.309 [Thread-5] DEBUG  - Корабль Ship5 отошел от причала 0
20:37:49.309 [Thread-2] DEBUG  - Корабль Ship2 пришвартовался к причалу 0
20:37:49.309 [Thread-1] DEBUG  - Корабль Ship1 хочет загрузить 4 контейнеров на склад порта.
20:37:49.309 [Thread-2] DEBUG  - Корабль Ship2 хочет загрузить 2 контейнеров на склад порта.
20:37:49.309 [Thread-1] DEBUG  - Корабль Ship1 выгрузил 4 контейнеров в порт.
20:37:49.309 [Thread-2] DEBUG  - Корабль Ship2 выгрузил 2 контейнеров в порт.
20:37:49.309 [Thread-2] DEBUG  - Корабль Ship2 отошел от причала 0
20:37:49.309 [Thread-1] DEBUG  - Корабль Ship1 отошел от причала 1
20:37:49.309 [Thread-3] DEBUG  - Корабль Ship3 пришвартовался к причалу 1
20:37:49.309 [Thread-3] DEBUG  - Корабль Ship3 хочет загрузить 60 контейнеров со склада порта.
20:37:49.310 [Thread-3] DEBUG  - Корабль Ship3 загрузил 60 контейнеров из порта.
20:37:49.310 [Thread-3] DEBUG  - Корабль Ship3 отошел от причала 1
20:37:50.309 [Thread-4] DEBUG  - Корабль Ship4 пришвартовался к причалу 0
20:37:50.309 [Thread-4] DEBUG  - Корабль Ship4 хочет загрузить 0 контейнеров на склад порта.
20:37:50.309 [Thread-4] DEBUG  - Корабль Ship4 выгрузил 0 контейнеров в порт.
20:37:50.309 [Thread-4] DEBUG  - Корабль Ship4 отошел от причала 0
20:37:50.309 [Thread-1] DEBUG  - Корабль Ship1 пришвартовался к причалу 1
20:37:50.309 [Thread-2] DEBUG  - Корабль Ship2 пришвартовался к причалу 0
20:37:50.309 [Thread-1] DEBUG  - Корабль Ship1 хочет загрузить 4 контейнеров на склад порта.
20:37:50.309 [Thread-2] DEBUG  - Корабль Ship2 хочет загрузить 3 контейнеров на склад порта.
20:37:50.309 [Thread-1] DEBUG  - Корабль Ship1 выгрузил 4 контейнеров в порт.
20:37:50.309 [Thread-1] DEBUG  - Корабль Ship1 отошел от причала 1
20:37:50.309 [Thread-2] DEBUG  - Корабль Ship2 выгрузил 3 контейнеров в порт.
20:37:50.309 [Thread-5] DEBUG  - Корабль Ship5 пришвартовался к причалу 1
20:37:50.309 [Thread-2] DEBUG  - Корабль Ship2 отошел от причала 0
20:37:50.309 [Thread-5] DEBUG  - Корабль Ship5 хочет загрузить 0 контейнеров на склад порта.
20:37:50.310 [Thread-5] DEBUG  - Корабль Ship5 выгрузил 0 контейнеров в порт.
20:37:50.310 [Thread-3] DEBUG  - Корабль Ship3 пришвартовался к причалу 0
20:37:50.310 [Thread-5] DEBUG  - Корабль Ship5 отошел от причала 1
20:37:50.310 [Thread-3] DEBUG  - Корабль Ship3 хочет загрузить 14 контейнеров со склада порта.
20:37:50.310 [Thread-3] DEBUG  - Корабль Ship3 загрузил 14 контейнеров из порта.
20:37:50.310 [Thread-3] DEBUG  - Корабль Ship3 отошел от причала 0
20:37:51.309 [Thread-4] DEBUG  - Корабль Ship4 пришвартовался к причалу 1
20:37:51.309 [Thread-4] DEBUG  - Корабль Ship4 хочет загрузить 0 контейнеров на склад порта.
20:37:51.309 [Thread-4] DEBUG  - Корабль Ship4 выгрузил 0 контейнеров в порт.
20:37:51.309 [Thread-4] DEBUG  - Корабль Ship4 отошел от причала 1
20:37:51.310 [Thread-1] DEBUG  - Корабль Ship1 пришвартовался к причалу 0
20:37:51.310 [Thread-2] DEBUG  - Корабль Ship2 пришвартовался к причалу 1
20:37:51.310 [Thread-1] DEBUG  - Корабль Ship1 хочет загрузить 3 контейнеров на склад порта.
20:37:51.310 [Thread-2] DEBUG  - Корабль Ship2 хочет загрузить 1 контейнеров на склад порта.
20:37:51.310 [Thread-1] DEBUG  - Корабль Ship1 выгрузил 3 контейнеров в порт.
20:37:51.310 [Thread-2] DEBUG  - Корабль Ship2 выгрузил 1 контейнеров в порт.
20:37:51.310 [Thread-1] DEBUG  - Корабль Ship1 отошел от причала 0
20:37:51.310 [Thread-2] DEBUG  - Корабль Ship2 отошел от причала 1
20:37:51.310 [Thread-3] DEBUG  - Корабль Ship3 пришвартовался к причалу 0
20:37:51.310 [Thread-5] DEBUG  - Корабль Ship5 пришвартовался к причалу 1
20:37:51.310 [Thread-3] DEBUG  - Корабль Ship3 хочет загрузить 3 контейнеров со склада порта.
20:37:51.310 [Thread-5] DEBUG  - Корабль Ship5 хочет загрузить 3 контейнеров со склада порта.
20:37:51.310 [Thread-3] DEBUG  - Корабль Ship3 загрузил 3 контейнеров из порта.
20:37:51.310 [Thread-3] DEBUG  - Корабль Ship3 отошел от причала 0
20:37:51.310 [Thread-5] DEBUG  - Корабль Ship5 загрузил 3 контейнеров из порта.
20:37:51.310 [Thread-5] DEBUG  - Корабль Ship5 отошел от причала 1
20:37:52.309 [Thread-4] DEBUG  - Корабль Ship4 пришвартовался к причалу 0
20:37:52.309 [Thread-4] DEBUG  - Корабль Ship4 хочет загрузить 0 контейнеров на склад порта.
20:37:52.309 [Thread-4] DEBUG  - Корабль Ship4 выгрузил 0 контейнеров в порт.
20:37:52.309 [Thread-4] DEBUG  - Корабль Ship4 отошел от причала 0
20:37:52.310 [Thread-2] DEBUG  - Корабль Ship2 пришвартовался к причалу 1
20:37:52.310 [Thread-1] DEBUG  - Корабль Ship1 пришвартовался к причалу 0
20:37:52.310 [Thread-2] DEBUG  - Корабль Ship2 хочет загрузить 0 контейнеров на склад порта.
20:37:52.310 [Thread-1] DEBUG  - Корабль Ship1 хочет загрузить 68 контейнеров со склада порта.
20:37:52.310 [Thread-2] DEBUG  - Корабль Ship2 выгрузил 0 контейнеров в порт.
20:37:52.310 [Thread-1] DEBUG  - В порту нету 68 контейнеров, для погрузки на корабль Ship1
20:37:52.310 [Thread-1] DEBUG  - Корабль Ship1 отошел от причала 0
20:37:52.310 [Thread-2] DEBUG  - Корабль Ship2 отошел от причала 1
20:37:52.310 [Thread-5] DEBUG  - Корабль Ship5 пришвартовался к причалу 1
20:37:52.310 [Thread-3] DEBUG  - Корабль Ship3 пришвартовался к причалу 0
20:37:52.310 [Thread-5] DEBUG  - Корабль Ship5 хочет загрузить 2 контейнеров на склад порта.
20:37:52.310 [Thread-3] DEBUG  - Корабль Ship3 хочет загрузить 35 контейнеров на склад порта.
20:37:52.310 [Thread-5] DEBUG  - Корабль Ship5 выгрузил 2 контейнеров в порт.
20:37:52.310 [Thread-3] DEBUG  - Корабль Ship3 выгрузил 35 контейнеров в порт.
20:37:52.310 [Thread-5] DEBUG  - Корабль Ship5 отошел от причала 1
20:37:52.310 [Thread-3] DEBUG  - Корабль Ship3 отошел от причала 0
20:37:53.310 [Thread-4] DEBUG  - Корабль Ship4 пришвартовался к причалу 0
20:37:53.310 [Thread-1] DEBUG  - Корабль Ship1 пришвартовался к причалу 1
20:37:53.310 [Thread-4] DEBUG  - Корабль Ship4 хочет загрузить 71 контейнеров со склада порта.
20:37:53.310 [Thread-1] DEBUG  - Корабль Ship1 хочет загрузить 0 контейнеров на склад порта.
20:37:53.310 [Thread-1] DEBUG  - Корабль Ship1 выгрузил 0 контейнеров в порт.
20:37:53.310 [Thread-1] DEBUG  - Корабль Ship1 отошел от причала 1
20:37:53.310 [Thread-2] DEBUG  - Корабль Ship2 пришвартовался к причалу 1
20:37:53.310 [Thread-2] DEBUG  - Корабль Ship2 хочет загрузить 0 контейнеров на склад порта.
20:37:53.310 [Thread-2] DEBUG  - Корабль Ship2 выгрузил 0 контейнеров в порт.
20:37:53.311 [Thread-2] DEBUG  - Корабль Ship2 отошел от причала 1
20:37:53.311 [Thread-5] DEBUG  - Корабль Ship5 пришвартовался к причалу 1
20:37:53.311 [Thread-5] DEBUG  - Корабль Ship5 хочет загрузить 1 контейнеров на склад порта.
20:37:53.311 [Thread-5] DEBUG  - Корабль Ship5 выгрузил 1 контейнеров в порт.
20:37:53.311 [Thread-5] DEBUG  - Корабль Ship5 отошел от причала 1
20:37:53.311 [Thread-3] DEBUG  - Корабль Ship3 пришвартовался к причалу 1
20:37:53.311 [Thread-3] DEBUG  - Корабль Ship3 хочет загрузить 17 контейнеров на склад порта.
20:37:53.311 [Thread-3] DEBUG  - Корабль Ship3 выгрузил 17 контейнеров в порт.
20:37:53.311 [Thread-3] DEBUG  - Корабль Ship3 отошел от причала 1
20:37:53.311 [Thread-4] DEBUG  - В порту нету 71 контейнеров, для погрузки на корабль Ship4
20:37:53.311 [Thread-4] DEBUG  - Корабль Ship4 отошел от причала 0
20:37:54.312 [Thread-5] DEBUG  - Корабль Ship5 пришвартовался к причалу 1
20:37:54.312 [Thread-2] DEBUG  - Корабль Ship2 пришвартовался к причалу 0
20:37:54.312 [Thread-5] DEBUG  - Корабль Ship5 хочет загрузить 0 контейнеров на склад порта.
20:37:54.312 [Thread-2] DEBUG  - Корабль Ship2 хочет загрузить 0 контейнеров на склад порта.
20:37:54.312 [Thread-5] DEBUG  - Корабль Ship5 выгрузил 0 контейнеров в порт.
20:37:54.312 [Thread-2] DEBUG  - Корабль Ship2 выгрузил 0 контейнеров в порт.
20:37:54.312 [Thread-5] DEBUG  - Корабль Ship5 отошел от причала 1
20:37:54.312 [Thread-4] DEBUG  - Корабль Ship4 пришвартовался к причалу 1
20:37:54.312 [Thread-2] DEBUG  - Корабль Ship2 отошел от причала 0
20:37:54.312 [Thread-3] DEBUG  - Корабль Ship3 пришвартовался к причалу 0
20:37:54.312 [Thread-4] DEBUG  - Корабль Ship4 хочет загрузить 0 контейнеров на склад порта.
20:37:54.312 [Thread-3] DEBUG  - Корабль Ship3 хочет загрузить 3 контейнеров на склад порта.
20:37:54.312 [Thread-4] DEBUG  - Корабль Ship4 выгрузил 0 контейнеров в порт.
20:37:54.312 [Thread-4] DEBUG  - Корабль Ship4 отошел от причала 1
20:37:54.312 [Thread-3] DEBUG  - Корабль Ship3 выгрузил 3 контейнеров в порт.
20:37:54.312 [Thread-1] DEBUG  - Корабль Ship1 пришвартовался к причалу 1
20:37:54.312 [Thread-3] DEBUG  - Корабль Ship3 отошел от причала 0
20:37:54.312 [Thread-1] DEBUG  - Корабль Ship1 хочет загрузить 0 контейнеров на склад порта.
20:37:54.312 [Thread-1] DEBUG  - Корабль Ship1 выгрузил 0 контейнеров в порт.
20:37:54.312 [Thread-1] DEBUG  - Корабль Ship1 отошел от причала 1
20:37:55.312 [Thread-5] DEBUG  - Корабль Ship5 пришвартовался к причалу 0
20:37:55.312 [Thread-5] DEBUG  - Корабль Ship5 хочет загрузить 0 контейнеров на склад порта.
20:37:55.312 [Thread-5] DEBUG  - Корабль Ship5 выгрузил 0 контейнеров в порт.
20:37:55.312 [Thread-5] DEBUG  - Корабль Ship5 отошел от причала 0
20:37:55.312 [Thread-1] DEBUG  - Корабль Ship1 пришвартовался к причалу 1
20:37:55.312 [Thread-2] DEBUG  - Корабль Ship2 пришвартовался к причалу 0
20:37:55.312 [Thread-1] DEBUG  - Корабль Ship1 хочет загрузить 0 контейнеров на склад порта.
20:37:55.312 [Thread-2] DEBUG  - Корабль Ship2 хочет загрузить 0 контейнеров на склад порта.
20:37:55.312 [Thread-1] DEBUG  - Корабль Ship1 выгрузил 0 контейнеров в порт.
20:37:55.312 [Thread-1] DEBUG  - Корабль Ship1 отошел от причала 1
20:37:55.312 [Thread-2] DEBUG  - Корабль Ship2 выгрузил 0 контейнеров в порт.
20:37:55.312 [Thread-3] DEBUG  - Корабль Ship3 пришвартовался к причалу 1
20:37:55.312 [Thread-2] DEBUG  - Корабль Ship2 отошел от причала 0
20:37:55.312 [Thread-4] DEBUG  - Корабль Ship4 пришвартовался к причалу 0
20:37:55.312 [Thread-3] DEBUG  - Корабль Ship3 хочет загрузить 42 контейнеров со склада порта.
20:37:55.312 [Thread-4] DEBUG  - Корабль Ship4 хочет загрузить 0 контейнеров на склад порта.
20:37:55.312 [Thread-4] DEBUG  - Корабль Ship4 выгрузил 0 контейнеров в порт.
20:37:55.312 [Thread-3] DEBUG  - Корабль Ship3 загрузил 42 контейнеров из порта.
20:37:55.312 [Thread-4] DEBUG  - Корабль Ship4 отошел от причала 0
20:37:55.312 [Thread-3] DEBUG  - Корабль Ship3 отошел от причала 1
20:37:56.312 [Thread-5] DEBUG  - Корабль Ship5 пришвартовался к причалу 0
20:37:56.312 [Thread-5] DEBUG  - Корабль Ship5 хочет загрузить 0 контейнеров на склад порта.
20:37:56.312 [Thread-5] DEBUG  - Корабль Ship5 выгрузил 0 контейнеров в порт.
20:37:56.312 [Thread-5] DEBUG  - Корабль Ship5 отошел от причала 0
20:37:56.312 [Thread-1] DEBUG  - Корабль Ship1 пришвартовался к причалу 1
20:37:56.312 [Thread-2] DEBUG  - Корабль Ship2 пришвартовался к причалу 0
20:37:56.312 [Thread-1] DEBUG  - Корабль Ship1 хочет загрузить 0 контейнеров на склад порта.
20:37:56.312 [Thread-2] DEBUG  - Корабль Ship2 хочет загрузить 0 контейнеров на склад порта.
20:37:56.312 [Thread-1] DEBUG  - Корабль Ship1 выгрузил 0 контейнеров в порт.
20:37:56.312 [Thread-2] DEBUG  - Корабль Ship2 выгрузил 0 контейнеров в порт.
20:37:56.312 [Thread-1] DEBUG  - Корабль Ship1 отошел от причала 1
20:37:56.312 [Thread-2] DEBUG  - Корабль Ship2 отошел от причала 0
20:37:56.312 [Thread-4] DEBUG  - Корабль Ship4 пришвартовался к причалу 1
20:37:56.312 [Thread-4] DEBUG  - Корабль Ship4 хочет загрузить 0 контейнеров на склад порта.
20:37:56.312 [Thread-4] DEBUG  - Корабль Ship4 выгрузил 0 контейнеров в порт.
20:37:56.313 [Thread-4] DEBUG  - Корабль Ship4 отошел от причала 1
20:37:56.313 [Thread-3] DEBUG  - Корабль Ship3 пришвартовался к причалу 0
20:37:56.313 [Thread-3] DEBUG  - Корабль Ship3 хочет загрузить 34 контейнеров на склад порта.
20:37:56.313 [Thread-3] DEBUG  - Корабль Ship3 выгрузил 34 контейнеров в порт.
20:37:56.313 [Thread-3] DEBUG  - Корабль Ship3 отошел от причала 0
20:37:57.312 [Thread-5] DEBUG  - Корабль Ship5 пришвартовался к причалу 1
20:37:57.312 [Thread-5] DEBUG  - Корабль Ship5 хочет загрузить 0 контейнеров на склад порта.
20:37:57.312 [Thread-5] DEBUG  - Корабль Ship5 выгрузил 0 контейнеров в порт.
20:37:57.312 [Thread-5] DEBUG  - Корабль Ship5 отошел от причала 1
20:37:57.313 [Thread-1] DEBUG  - Корабль Ship1 пришвартовался к причалу 0
20:37:57.313 [Thread-2] DEBUG  - Корабль Ship2 пришвартовался к причалу 1
20:37:57.313 [Thread-1] DEBUG  - Корабль Ship1 хочет загрузить 0 контейнеров на склад порта.
20:37:57.313 [Thread-2] DEBUG  - Корабль Ship2 хочет загрузить 0 контейнеров на склад порта.
20:37:57.313 [Thread-1] DEBUG  - Корабль Ship1 выгрузил 0 контейнеров в порт.
20:37:57.313 [Thread-2] DEBUG  - Корабль Ship2 выгрузил 0 контейнеров в порт.
20:37:57.313 [Thread-1] DEBUG  - Корабль Ship1 отошел от причала 0
20:37:57.313 [Thread-2] DEBUG  - Корабль Ship2 отошел от причала 1
20:37:57.313 [Thread-3] DEBUG  - Корабль Ship3 пришвартовался к причалу 0
20:37:57.313 [Thread-4] DEBUG  - Корабль Ship4 пришвартовался к причалу 1
20:37:57.313 [Thread-3] DEBUG  - Корабль Ship3 хочет загрузить 37 контейнеров со склада порта.
20:37:57.313 [Thread-4] DEBUG  - Корабль Ship4 хочет загрузить 0 контейнеров на склад порта.
20:37:57.313 [Thread-3] DEBUG  - Корабль Ship3 загрузил 37 контейнеров из порта.
20:37:57.313 [Thread-4] DEBUG  - Корабль Ship4 выгрузил 0 контейнеров в порт.
20:37:57.313 [Thread-3] DEBUG  - Корабль Ship3 отошел от причала 0
20:37:57.313 [Thread-4] DEBUG  - Корабль Ship4 отошел от причала 1
20:37:58.312 [Thread-5] DEBUG  - Корабль Ship5 пришвартовался к причалу 0
20:37:58.312 [Thread-5] DEBUG  - Корабль Ship5 хочет загрузить 0 контейнеров на склад порта.
20:37:58.312 [Thread-5] DEBUG  - Корабль Ship5 выгрузил 0 контейнеров в порт.
20:37:58.312 [Thread-5] DEBUG  - Корабль Ship5 отошел от причала 0
20:37:58.313 [Thread-2] DEBUG  - Корабль Ship2 пришвартовался к причалу 1
20:37:58.313 [Thread-1] DEBUG  - Корабль Ship1 пришвартовался к причалу 0
20:37:58.313 [Thread-2] DEBUG  - Корабль Ship2 хочет загрузить 0 контейнеров на склад порта.
20:37:58.313 [Thread-1] DEBUG  - Корабль Ship1 хочет загрузить 0 контейнеров на склад порта.
20:37:58.313 [Thread-1] DEBUG  - Корабль Ship1 выгрузил 0 контейнеров в порт.
20:37:58.313 [Thread-2] DEBUG  - Корабль Ship2 выгрузил 0 контейнеров в порт.
20:37:58.313 [Thread-1] DEBUG  - Корабль Ship1 отошел от причала 0
20:37:58.313 [Thread-2] DEBUG  - Корабль Ship2 отошел от причала 1
20:37:58.313 [Thread-4] DEBUG  - Корабль Ship4 пришвартовался к причалу 0
20:37:58.313 [Thread-3] DEBUG  - Корабль Ship3 пришвартовался к причалу 1
20:37:58.313 [Thread-4] DEBUG  - Корабль Ship4 хочет загрузить 63 контейнеров со склада порта.
20:37:58.313 [Thread-3] DEBUG  - Корабль Ship3 хочет загрузить 15 контейнеров на склад порта.
20:37:58.313 [Thread-4] DEBUG  - В порту нету 63 контейнеров, для погрузки на корабль Ship4
20:37:58.313 [Thread-4] DEBUG  - Корабль Ship4 отошел от причала 0
20:37:58.313 [Thread-3] DEBUG  - Корабль Ship3 выгрузил 15 контейнеров в порт.
20:37:58.313 [Thread-3] DEBUG  - Корабль Ship3 отошел от причала 1
20:37:59.312 [Thread-5] DEBUG  - Корабль Ship5 пришвартовался к причалу 0
20:37:59.312 [Thread-5] DEBUG  - Корабль Ship5 хочет загрузить 0 контейнеров на склад порта.
20:37:59.312 [Thread-5] DEBUG  - Корабль Ship5 выгрузил 0 контейнеров в порт.
20:37:59.312 [Thread-5] DEBUG  - Корабль Ship5 отошел от причала 0
20:37:59.313 [Thread-2] DEBUG  - Корабль Ship2 пришвартовался к причалу 1
20:37:59.313 [Thread-1] DEBUG  - Корабль Ship1 пришвартовался к причалу 0
20:37:59.313 [Thread-2] DEBUG  - Корабль Ship2 хочет загрузить 0 контейнеров на склад порта.
20:37:59.313 [Thread-1] DEBUG  - Корабль Ship1 хочет загрузить 0 контейнеров на склад порта.
20:37:59.313 [Thread-2] DEBUG  - Корабль Ship2 выгрузил 0 контейнеров в порт.
20:37:59.313 [Thread-1] DEBUG  - Корабль Ship1 выгрузил 0 контейнеров в порт.
20:37:59.313 [Thread-2] DEBUG  - Корабль Ship2 отошел от причала 1
20:37:59.313 [Thread-1] DEBUG  - Корабль Ship1 отошел от причала 0
20:37:59.313 [Thread-3] DEBUG  - Корабль Ship3 пришвартовался к причалу 1
20:37:59.313 [Thread-3] DEBUG  - Корабль Ship3 хочет загрузить 36 контейнеров на склад порта.
20:37:59.313 [Thread-4] DEBUG  - Корабль Ship4 пришвартовался к причалу 0
20:37:59.313 [Thread-4] DEBUG  - Корабль Ship4 хочет загрузить 15 контейнеров со склада порта.
20:37:59.313 [Thread-3] DEBUG  - Корабль Ship3 выгрузил 36 контейнеров в порт.
20:37:59.313 [Thread-3] DEBUG  - Корабль Ship3 отошел от причала 1
20:37:59.313 [Thread-4] DEBUG  - Корабль Ship4 загрузил 15 контейнеров из порта.
20:37:59.313 [Thread-4] DEBUG  - Корабль Ship4 отошел от причала 0
20:38:00.313 [Thread-5] DEBUG  - Корабль Ship5 пришвартовался к причалу 1
20:38:00.313 [Thread-5] DEBUG  - Корабль Ship5 хочет загрузить 0 контейнеров на склад порта.
20:38:00.313 [Thread-5] DEBUG  - Корабль Ship5 выгрузил 0 контейнеров в порт.
20:38:00.313 [Thread-5] DEBUG  - Корабль Ship5 отошел от причала 1
20:38:00.313 [Thread-1] DEBUG  - Корабль Ship1 пришвартовался к причалу 0
20:38:00.313 [Thread-2] DEBUG  - Корабль Ship2 пришвартовался к причалу 1
20:38:00.313 [Thread-1] DEBUG  - Корабль Ship1 хочет загрузить 0 контейнеров на склад порта.
20:38:00.313 [Thread-2] DEBUG  - Корабль Ship2 хочет загрузить 0 контейнеров на склад порта.
20:38:00.313 [Thread-1] DEBUG  - Корабль Ship1 выгрузил 0 контейнеров в порт.
20:38:00.313 [Thread-2] DEBUG  - Корабль Ship2 выгрузил 0 контейнеров в порт.
20:38:00.313 [Thread-1] DEBUG  - Корабль Ship1 отошел от причала 0
20:38:00.313 [Thread-2] DEBUG  - Корабль Ship2 отошел от причала 1
20:38:00.314 [Thread-4] DEBUG  - Корабль Ship4 пришвартовался к причалу 0
20:38:00.314 [Thread-3] DEBUG  - Корабль Ship3 пришвартовался к причалу 1
20:38:00.314 [Thread-4] DEBUG  - Корабль Ship4 хочет загрузить 68 контейнеров со склада порта.
20:38:00.314 [Thread-3] DEBUG  - Корабль Ship3 хочет загрузить 73 контейнеров со склада порта.
20:38:00.314 [Thread-4] DEBUG  - В порту нету 68 контейнеров, для погрузки на корабль Ship4
20:38:00.314 [Thread-3] DEBUG  - В порту нету 73 контейнеров, для погрузки на корабль Ship3
20:38:00.314 [Thread-4] DEBUG  - Корабль Ship4 отошел от причала 0
20:38:00.314 [Thread-3] DEBUG  - Корабль Ship3 отошел от причала 1
20:38:01.313 [Thread-5] DEBUG  - Корабль Ship5 пришвартовался к причалу 0
20:38:01.313 [Thread-5] DEBUG  - Корабль Ship5 хочет загрузить 76 контейнеров со склада порта.
20:38:01.313 [Thread-5] DEBUG  - В порту нету 76 контейнеров, для погрузки на корабль Ship5
20:38:01.313 [Thread-5] DEBUG  - Корабль Ship5 отошел от причала 0
20:38:01.314 [Thread-1] DEBUG  - Корабль Ship1 пришвартовался к причалу 1
20:38:01.314 [Thread-2] DEBUG  - Корабль Ship2 пришвартовался к причалу 0
20:38:01.314 [Thread-1] DEBUG  - Корабль Ship1 хочет загрузить 0 контейнеров на склад порта.
20:38:01.314 [Thread-1] DEBUG  - Корабль Ship1 выгрузил 0 контейнеров в порт.
20:38:01.314 [Thread-2] DEBUG  - Корабль Ship2 хочет загрузить 86 контейнеров со склада порта.
20:38:01.314 [Thread-1] DEBUG  - Корабль Ship1 отошел от причала 1
20:38:01.314 [Thread-2] DEBUG  - В порту нету 86 контейнеров, для погрузки на корабль Ship2
20:38:01.314 [Thread-2] DEBUG  - Корабль Ship2 отошел от причала 0
20:38:01.314 [Thread-3] DEBUG  - Корабль Ship3 пришвартовался к причалу 0
20:38:01.314 [Thread-4] DEBUG  - Корабль Ship4 пришвартовался к причалу 1
20:38:01.314 [Thread-3] DEBUG  - Корабль Ship3 хочет загрузить 11 контейнеров на склад порта.
20:38:01.314 [Thread-4] DEBUG  - Корабль Ship4 хочет загрузить 12 контейнеров на склад порта.
20:38:01.314 [Thread-3] DEBUG  - Корабль Ship3 выгрузил 11 контейнеров в порт.
20:38:01.314 [Thread-4] DEBUG  - Корабль Ship4 выгрузил 12 контейнеров в порт.
20:38:01.314 [Thread-3] DEBUG  - Корабль Ship3 отошел от причала 0
20:38:01.314 [Thread-4] DEBUG  - Корабль Ship4 отошел от причала 1
20:38:02.313 [Thread-5] DEBUG  - Корабль Ship5 пришвартовался к причалу 0
20:38:02.313 [Thread-5] DEBUG  - Корабль Ship5 хочет загрузить 0 контейнеров на склад порта.
20:38:02.314 [Thread-5] DEBUG  - Корабль Ship5 выгрузил 0 контейнеров в порт.
20:38:02.314 [Thread-1] DEBUG  - Корабль Ship1 пришвартовался к причалу 1
20:38:02.314 [Thread-5] DEBUG  - Корабль Ship5 отошел от причала 0
20:38:02.314 [Thread-1] DEBUG  - Корабль Ship1 хочет загрузить 0 контейнеров на склад порта.
20:38:02.314 [Thread-2] DEBUG  - Корабль Ship2 пришвартовался к причалу 0
20:38:02.314 [Thread-1] DEBUG  - Корабль Ship1 выгрузил 0 контейнеров в порт.
20:38:02.314 [Thread-2] DEBUG  - Корабль Ship2 хочет загрузить 0 контейнеров на склад порта.
20:38:02.314 [Thread-1] DEBUG  - Корабль Ship1 отошел от причала 1
20:38:02.314 [Thread-2] DEBUG  - Корабль Ship2 выгрузил 0 контейнеров в порт.
20:38:02.314 [Thread-2] DEBUG  - Корабль Ship2 отошел от причала 0
20:38:02.314 [Thread-4] DEBUG  - Корабль Ship4 пришвартовался к причалу 1
20:38:02.314 [Thread-3] DEBUG  - Корабль Ship3 пришвартовался к причалу 0
20:38:02.314 [Thread-4] DEBUG  - Корабль Ship4 хочет загрузить 3 контейнеров на склад порта.
20:38:02.314 [Thread-3] DEBUG  - Корабль Ship3 хочет загрузить 2 контейнеров на склад порта.
20:38:02.314 [Thread-4] DEBUG  - Корабль Ship4 выгрузил 3 контейнеров в порт.
20:38:02.314 [Thread-3] DEBUG  - Корабль Ship3 выгрузил 2 контейнеров в порт.
20:38:02.314 [Thread-4] DEBUG  - Корабль Ship4 отошел от причала 1
20:38:02.314 [Thread-3] DEBUG  - Корабль Ship3 отошел от причала 0
20:38:03.314 [Thread-1] DEBUG  - Корабль Ship1 пришвартовался к причалу 1
20:38:03.314 [Thread-5] DEBUG  - Корабль Ship5 пришвартовался к причалу 0
20:38:03.314 [Thread-1] DEBUG  - Корабль Ship1 хочет загрузить 0 контейнеров на склад порта.
20:38:03.314 [Thread-5] DEBUG  - Корабль Ship5 хочет загрузить 8 контейнеров со склада порта.
20:38:03.314 [Thread-1] DEBUG  - Корабль Ship1 выгрузил 0 контейнеров в порт.
20:38:03.314 [Thread-1] DEBUG  - Корабль Ship1 отошел от причала 1
20:38:03.314 [Thread-5] DEBUG  - Корабль Ship5 загрузил 8 контейнеров из порта.
20:38:03.314 [Thread-2] DEBUG  - Корабль Ship2 пришвартовался к причалу 1
20:38:03.314 [Thread-5] DEBUG  - Корабль Ship5 отошел от причала 0
20:38:03.314 [Thread-2] DEBUG  - Корабль Ship2 хочет загрузить 0 контейнеров на склад порта.
20:38:03.315 [Thread-4] DEBUG  - Корабль Ship4 пришвартовался к причалу 0
20:38:03.315 [Thread-2] DEBUG  - Корабль Ship2 выгрузил 0 контейнеров в порт.
20:38:03.315 [Thread-4] DEBUG  - Корабль Ship4 хочет загрузить 0 контейнеров на склад порта.
20:38:03.315 [Thread-2] DEBUG  - Корабль Ship2 отошел от причала 1
20:38:03.315 [Thread-4] DEBUG  - Корабль Ship4 выгрузил 0 контейнеров в порт.
20:38:03.315 [Thread-3] DEBUG  - Корабль Ship3 пришвартовался к причалу 1
20:38:03.315 [Thread-4] DEBUG  - Корабль Ship4 отошел от причала 0
20:38:03.315 [Thread-3] DEBUG  - Корабль Ship3 хочет загрузить 3 контейнеров на склад порта.
20:38:03.315 [Thread-3] DEBUG  - Корабль Ship3 выгрузил 3 контейнеров в порт.
20:38:03.315 [Thread-3] DEBUG  - Корабль Ship3 отошел от причала 1
20:38:04.314 [Thread-1] DEBUG  - Корабль Ship1 пришвартовался к причалу 1
20:38:04.314 [Thread-5] DEBUG  - Корабль Ship5 пришвартовался к причалу 0
20:38:04.314 [Thread-1] DEBUG  - Корабль Ship1 хочет загрузить 0 контейнеров на склад порта.
20:38:04.314 [Thread-5] DEBUG  - Корабль Ship5 хочет загрузить 3 контейнеров на склад порта.
20:38:04.314 [Thread-1] DEBUG  - Корабль Ship1 выгрузил 0 контейнеров в порт.
20:38:04.314 [Thread-5] DEBUG  - Корабль Ship5 выгрузил 3 контейнеров в порт.
20:38:04.314 [Thread-1] DEBUG  - Корабль Ship1 отошел от причала 1
20:38:04.314 [Thread-5] DEBUG  - Корабль Ship5 отошел от причала 0
20:38:04.315 [Thread-4] DEBUG  - Корабль Ship4 пришвартовался к причалу 1
20:38:04.315 [Thread-3] DEBUG  - Корабль Ship3 пришвартовался к причалу 0
20:38:04.315 [Thread-4] DEBUG  - Корабль Ship4 хочет загрузить 42 контейнеров со склада порта.
20:38:04.315 [Thread-3] DEBUG  - Корабль Ship3 хочет загрузить 1 контейнеров на склад порта.
20:38:04.315 [Thread-4] DEBUG  - Корабль Ship4 загрузил 42 контейнеров из порта.
20:38:04.315 [Thread-3] DEBUG  - Корабль Ship3 выгрузил 1 контейнеров в порт.
20:38:04.315 [Thread-4] DEBUG  - Корабль Ship4 отошел от причала 1
20:38:04.315 [Thread-3] DEBUG  - Корабль Ship3 отошел от причала 0
20:38:04.315 [Thread-2] DEBUG  - Корабль Ship2 пришвартовался к причалу 1
20:38:04.315 [Thread-2] DEBUG  - Корабль Ship2 хочет загрузить 0 контейнеров на склад порта.
20:38:04.315 [Thread-2] DEBUG  - Корабль Ship2 выгрузил 0 контейнеров в порт.
20:38:04.315 [Thread-2] DEBUG  - Корабль Ship2 отошел от причала 1
20:38:05.315 [Thread-1] DEBUG  - Корабль Ship1 пришвартовался к причалу 0
20:38:05.315 [Thread-5] DEBUG  - Корабль Ship5 пришвартовался к причалу 1
20:38:05.315 [Thread-1] DEBUG  - Корабль Ship1 хочет загрузить 0 контейнеров на склад порта.
20:38:05.315 [Thread-1] DEBUG  - Корабль Ship1 выгрузил 0 контейнеров в порт.
20:38:05.315 [Thread-5] DEBUG  - Корабль Ship5 хочет загрузить 3 контейнеров на склад порта.
20:38:05.315 [Thread-1] DEBUG  - Корабль Ship1 отошел от причала 0
20:38:05.315 [Thread-5] DEBUG  - Корабль Ship5 выгрузил 3 контейнеров в порт.
20:38:05.315 [Thread-5] DEBUG  - Корабль Ship5 отошел от причала 1
20:38:05.315 [Thread-4] DEBUG  - Корабль Ship4 пришвартовался к причалу 1
20:38:05.315 [Thread-3] DEBUG  - Корабль Ship3 пришвартовался к причалу 0
20:38:05.315 [Thread-4] DEBUG  - Корабль Ship4 хочет загрузить 13 контейнеров на склад порта.
20:38:05.315 [Thread-3] DEBUG  - Корабль Ship3 хочет загрузить 0 контейнеров на склад порта.
20:38:05.315 [Thread-4] DEBUG  - Корабль Ship4 выгрузил 13 контейнеров в порт.
20:38:05.315 [Thread-3] DEBUG  - Корабль Ship3 выгрузил 0 контейнеров в порт.
20:38:05.315 [Thread-4] DEBUG  - Корабль Ship4 отошел от причала 1
20:38:05.315 [Thread-3] DEBUG  - Корабль Ship3 отошел от причала 0
20:38:05.316 [Thread-2] DEBUG  - Корабль Ship2 пришвартовался к причалу 1
20:38:05.316 [Thread-2] DEBUG  - Корабль Ship2 хочет загрузить 0 контейнеров на склад порта.
20:38:05.316 [Thread-2] DEBUG  - Корабль Ship2 выгрузил 0 контейнеров в порт.
20:38:05.316 [Thread-2] DEBUG  - Корабль Ship2 отошел от причала 1
20:38:06.315 [Thread-1] DEBUG  - Корабль Ship1 пришвартовался к причалу 0
20:38:06.315 [Thread-1] DEBUG  - Корабль Ship1 хочет загрузить 0 контейнеров на склад порта.
20:38:06.315 [Thread-1] DEBUG  - Корабль Ship1 выгрузил 0 контейнеров в порт.
20:38:06.315 [Thread-1] DEBUG  - Корабль Ship1 отошел от причала 0
20:38:06.315 [Thread-4] DEBUG  - Корабль Ship4 пришвартовался к причалу 1
20:38:06.315 [Thread-3] DEBUG  - Корабль Ship3 пришвартовался к причалу 0
20:38:06.315 [Thread-4] DEBUG  - Корабль Ship4 хочет загрузить 15 контейнеров со склада порта.
20:38:06.315 [Thread-3] DEBUG  - Корабль Ship3 хочет загрузить 0 контейнеров на склад порта.
20:38:06.315 [Thread-4] DEBUG  - Корабль Ship4 загрузил 15 контейнеров из порта.
20:38:06.315 [Thread-3] DEBUG  - Корабль Ship3 выгрузил 0 контейнеров в порт.
20:38:06.315 [Thread-4] DEBUG  - Корабль Ship4 отошел от причала 1
20:38:06.315 [Thread-3] DEBUG  - Корабль Ship3 отошел от причала 0
20:38:06.315 [Thread-5] DEBUG  - Корабль Ship5 пришвартовался к причалу 1
20:38:06.315 [Thread-5] DEBUG  - Корабль Ship5 хочет загрузить 2 контейнеров на склад порта.
20:38:06.315 [Thread-5] DEBUG  - Корабль Ship5 выгрузил 2 контейнеров в порт.
20:38:06.316 [Thread-5] DEBUG  - Корабль Ship5 отошел от причала 1
20:38:06.316 [Thread-2] DEBUG  - Корабль Ship2 пришвартовался к причалу 0
20:38:06.316 [Thread-2] DEBUG  - Корабль Ship2 хочет загрузить 0 контейнеров на склад порта.
20:38:06.316 [Thread-2] DEBUG  - Корабль Ship2 выгрузил 0 контейнеров в порт.
20:38:06.316 [Thread-2] DEBUG  - Корабль Ship2 отошел от причала 0
